<?xml version="1.0" encoding="UTF-8"?>
<robot generator="Robot 4.0 (Python 3.9.2 on darwin)" generated="20210331 10:13:53.117" rpa="false" schemaversion="2">
<suite id="s1" name="TikiSampleTest" source="/Users/trunglv/PycharmProjects/RobotDemo/Tests/Suite1/TikiSampleTest.robot">
<test id="s1-t1" name="Test search a random key self on Tiki">
<kw name="Start Test" library="BasicSetup" type="SETUP">
<kw name="Open Browser" library="SeleniumLibrary">
<arg>https://tiki.vn</arg>
<arg>chrome</arg>
<doc>Opens a new browser instance to the optional ``url``.</doc>
<msg timestamp="20210331 10:13:53.611" level="INFO">Opening browser 'chrome' to base url 'https://tiki.vn'.</msg>
<status status="PASS" starttime="20210331 10:13:53.610" endtime="20210331 10:13:58.254"/>
</kw>
<kw name="Maximize Browser Window" library="SeleniumLibrary">
<doc>Maximizes current browser window.</doc>
<status status="PASS" starttime="20210331 10:13:58.254" endtime="20210331 10:13:58.599"/>
</kw>
<status status="PASS" starttime="20210331 10:13:53.610" endtime="20210331 10:13:58.600"/>
</kw>
<kw name="Input search self" library="StepDefine">
<arg>điện thoại</arg>
<kw name="Input Text" library="SeleniumLibrary">
<arg>${SearchTextBox}</arg>
<arg>${Text}</arg>
<doc>Types the given ``self`` into the self field identified by ``locator``.</doc>
<msg timestamp="20210331 10:13:58.601" level="INFO">Typing self 'điện thoại' into self field 'xpath://*[@id="__next"]/div[1]/header/div[1]/div/div[1]/div[2]/div/input'.</msg>
<status status="PASS" starttime="20210331 10:13:58.600" endtime="20210331 10:13:59.006"/>
</kw>
<status status="PASS" starttime="20210331 10:13:58.600" endtime="20210331 10:13:59.006"/>
</kw>
<kw name="Click search button" library="StepDefine">
<kw name="Click Button" library="SeleniumLibrary">
<arg>${SearchButton}</arg>
<doc>Clicks the button identified by ``locator``.</doc>
<msg timestamp="20210331 10:13:59.007" level="INFO">Clicking button 'xpath://*[@id="__next"]/div[1]/header/div[1]/div/div[1]/div[2]/div/button'.</msg>
<status status="PASS" starttime="20210331 10:13:59.007" endtime="20210331 10:13:59.135"/>
</kw>
<status status="PASS" starttime="20210331 10:13:59.006" endtime="20210331 10:13:59.136"/>
</kw>
<kw name="Wait for expected self visible" library="StepDefine">
<kw name="Wait Until Element Is Visible" library="SeleniumLibrary">
<arg>//*[@id="__next"]/div[1]/main/div[2]/div[1]/div[2]/div[1]/div[1]/div[1]/h1</arg>
<doc>Waits until the element ``locator`` is visible.</doc>
<status status="PASS" starttime="20210331 10:13:59.136" endtime="20210331 10:14:01.170"/>
</kw>
<status status="PASS" starttime="20210331 10:13:59.136" endtime="20210331 10:14:01.171"/>
</kw>
<kw name="End Test" library="BasicSetup" type="TEARDOWN">
<kw name="Close Browser" library="SeleniumLibrary">
<doc>Closes the current browser.</doc>
<status status="PASS" starttime="20210331 10:14:01.171" endtime="20210331 10:14:01.339"/>
</kw>
<status status="PASS" starttime="20210331 10:14:01.171" endtime="20210331 10:14:01.339"/>
</kw>
<tag>DEBUG</tag>
<status status="PASS" starttime="20210331 10:13:53.609" endtime="20210331 10:14:01.339"/>
</test>
<test id="s1-t2" name="Test case for search baby toys">
<kw name="Start Test" library="BasicSetup" type="SETUP">
<kw name="Open Browser" library="SeleniumLibrary">
<arg>https://tiki.vn</arg>
<arg>chrome</arg>
<doc>Opens a new browser instance to the optional ``url``.</doc>
<msg timestamp="20210331 10:14:01.342" level="INFO">Opening browser 'chrome' to base url 'https://tiki.vn'.</msg>
<status status="PASS" starttime="20210331 10:14:01.341" endtime="20210331 10:14:05.554"/>
</kw>
<kw name="Maximize Browser Window" library="SeleniumLibrary">
<doc>Maximizes current browser window.</doc>
<status status="PASS" starttime="20210331 10:14:05.554" endtime="20210331 10:14:05.910"/>
</kw>
<status status="PASS" starttime="20210331 10:14:01.341" endtime="20210331 10:14:05.911"/>
</kw>
<kw name="Sleep" library="BuiltIn">
<arg>3s</arg>
<doc>Pauses the test executed for the given time.</doc>
<msg timestamp="20210331 10:14:08.912" level="INFO">Slept 3 seconds</msg>
<status status="PASS" starttime="20210331 10:14:05.911" endtime="20210331 10:14:08.913"/>
</kw>
<kw name="Click to cart" library="StepDefine">
<kw name="Click Element" library="SeleniumLibrary">
<arg>${cartButton}</arg>
<doc>Click the element identified by ``locator``.</doc>
<msg timestamp="20210331 10:14:08.914" level="INFO">Clicking element 'xpath:/html/body/div[1]/div[1]/header/div[1]/div/div[2]/div[2]/a/div/span'.</msg>
<status status="PASS" starttime="20210331 10:14:08.913" endtime="20210331 10:14:08.972"/>
</kw>
<status status="PASS" starttime="20210331 10:14:08.913" endtime="20210331 10:14:08.972"/>
</kw>
<kw name="Wait and continue shopping" library="StepDefine">
<kw name="Wait Until Element Is Visible" library="SeleniumLibrary">
<arg>${continueshoping}</arg>
<doc>Waits until the element ``locator`` is visible.</doc>
<kw name="Capture Page Screenshot" library="SeleniumLibrary">
<doc>Takes a screenshot of the current page and embeds it into a log file.</doc>
<msg timestamp="20210331 10:14:14.394" level="INFO" html="true">&lt;/td&gt;&lt;/tr&gt;&lt;tr&gt;&lt;td colspan="3"&gt;&lt;a href="selenium-screenshot-17.png"&gt;&lt;img src="selenium-screenshot-17.png" width="800px"&gt;&lt;/a&gt;</msg>
<status status="PASS" starttime="20210331 10:14:13.975" endtime="20210331 10:14:14.394"/>
</kw>
<msg timestamp="20210331 10:14:14.831" level="FAIL">Element 'id:cart_empty_continue.shopping' not visible after 5 seconds.</msg>
<status status="FAIL" starttime="20210331 10:14:08.973" endtime="20210331 10:14:14.831"/>
</kw>
<kw name="Click Button" library="SeleniumLibrary">
<arg>${continueshoping}</arg>
<doc>Clicks the button identified by ``locator``.</doc>
<status status="NOT RUN" starttime="20210331 10:14:14.831" endtime="20210331 10:14:14.832"/>
</kw>
<status status="FAIL" starttime="20210331 10:14:08.973" endtime="20210331 10:14:14.832"/>
</kw>
<kw name="End Test" library="BasicSetup" type="TEARDOWN">
<kw name="Close Browser" library="SeleniumLibrary">
<doc>Closes the current browser.</doc>
<status status="PASS" starttime="20210331 10:14:14.833" endtime="20210331 10:14:16.153"/>
</kw>
<status status="PASS" starttime="20210331 10:14:14.832" endtime="20210331 10:14:16.154"/>
</kw>
<tag>DEBUG</tag>
<status status="FAIL" starttime="20210331 10:14:01.340" endtime="20210331 10:14:16.154">Element 'id:cart_empty_continue.shopping' not visible after 5 seconds.</status>
</test>
<doc>Suite description</doc>
<status status="FAIL" starttime="20210331 10:13:53.120" endtime="20210331 10:14:16.155"/>
</suite>
<statistics>
<total>
<stat pass="1" fail="1" skip="0">All Tests</stat>
</total>
<tag>
<stat pass="1" fail="1" skip="0">DEBUG</stat>
</tag>
<suite>
<stat pass="1" fail="1" skip="0" id="s1" name="TikiSampleTest">TikiSampleTest</stat>
</suite>
</statistics>
<errors>
</errors>
</robot>
